
05/08/2017 18:03:40: START SCENARIO: ""
05/08/2017 18:03:40: Open connection...
05/08/2017 18:03:41: Sent GET request to /authentication/isauthenticated.json...
05/08/2017 18:03:41: FINISHED SCENARIO: ""
05/08/2017 18:03:41: START SCENARIO: "Get 200 code response when get authentication token"
05/08/2017 18:03:41: Open connection...
05/08/2017 18:03:41: Connection authenticated...
05/08/2017 18:03:41: Sent GET request to /authentication/token.json...
05/08/2017 18:03:41: FINISHED SCENARIO: "Get 200 code response when get authentication token"
05/08/2017 18:03:41: START SCENARIO: "Get status code 200 for filters service"
05/08/2017 18:03:41: Open connection...
05/08/2017 18:03:41: Connection authenticated...
05/08/2017 18:03:42: Sent GET request to /filters.json...
05/08/2017 18:03:42: FINISHED SCENARIO: "Get status code 200 for filters service"
05/08/2017 18:03:42: START SCENARIO: "Validate that get all existing filter for an authenticated user, Examples (#1)"
05/08/2017 18:03:42: Open connection...
05/08/2017 18:03:42: Connection authenticated...
05/08/2017 18:03:42: Sent GET request to /filters.json...
05/08/2017 18:03:42: FINISHED SCENARIO: "Validate that get all existing filter for an authenticated user, Examples (#1)"
05/08/2017 18:03:42: START SCENARIO: "Validate that get all existing filter for an authenticated user, Examples (#2)"
05/08/2017 18:03:42: Open connection...
05/08/2017 18:03:42: Connection authenticated...
05/08/2017 18:03:42: Sent GET request to /filters.json...
05/08/2017 18:03:43: FINISHED SCENARIO: "Validate that get all existing filter for an authenticated user, Examples (#2)"
05/08/2017 18:03:43: START SCENARIO: "Validate that get all existing filter for an authenticated user, Examples (#3)"
05/08/2017 18:03:43: Open connection...
05/08/2017 18:03:43: Connection authenticated...
05/08/2017 18:03:43: Sent GET request to /filters.json...
05/08/2017 18:03:43: FINISHED SCENARIO: "Validate that get all existing filter for an authenticated user, Examples (#3)"
05/08/2017 18:03:43: START SCENARIO: "Validate that get all existing filter for an authenticated user, Examples (#4)"
05/08/2017 18:03:43: Open connection...
05/08/2017 18:03:43: Connection authenticated...
05/08/2017 18:03:43: Sent GET request to /filters.json...
05/08/2017 18:03:43: FINISHED SCENARIO: "Validate that get all existing filter for an authenticated user, Examples (#4)"
05/08/2017 18:03:43: START SCENARIO: "Validate that the correct information of filter is obtained, Examples (#1)"
05/08/2017 18:03:43: Open connection...
05/08/2017 18:03:43: Connection authenticated...
05/08/2017 18:03:44: FINISHED SCENARIO: "Validate that the correct information of filter is obtained, Examples (#1)"
05/08/2017 18:03:44: START SCENARIO: "Validate that the correct information of filter is obtained, Examples (#2)"
05/08/2017 18:03:44: Open connection...
05/08/2017 18:03:44: Connection authenticated...
05/08/2017 18:03:44: FINISHED SCENARIO: "Validate that the correct information of filter is obtained, Examples (#2)"
05/08/2017 18:03:44: START SCENARIO: "Validate that the correct information of filter is obtained, Examples (#3)"
05/08/2017 18:03:44: Open connection...
05/08/2017 18:03:44: Connection authenticated...
05/08/2017 18:03:44: FINISHED SCENARIO: "Validate that the correct information of filter is obtained, Examples (#3)"
05/08/2017 18:03:44: START SCENARIO: "Get the list of Items within the given filter"
05/08/2017 18:03:44: Open connection...
05/08/2017 18:03:44: Connection authenticated...
05/08/2017 18:03:45: FINISHED SCENARIO: "Get the list of Items within the given filter"
05/08/2017 18:03:46: Teardown: @teardownDeleteItems...
05/08/2017 18:03:46: START SCENARIO: "Get the list of done Items within the given filter"
05/08/2017 18:03:46: Open connection...
05/08/2017 18:03:46: Connection authenticated...
05/08/2017 18:03:47: FINISHED SCENARIO: "Get the list of done Items within the given filter"
05/08/2017 18:03:48: Teardown: @teardownDeleteItems...
05/08/2017 18:03:48: START SCENARIO: "An item not done does not appears in doneitem filter"
05/08/2017 18:03:48: Open connection...
05/08/2017 18:03:48: Connection authenticated...
05/08/2017 18:03:49: FINISHED SCENARIO: "An item not done does not appears in doneitem filter"
05/08/2017 18:03:50: Teardown: @teardownDeleteItems...
05/08/2017 18:03:50: START SCENARIO: "Delete an existing item by Id of the Inbox"
05/08/2017 18:03:50: Open connection...
05/08/2017 18:03:50: Connection authenticated...
05/08/2017 18:03:50: FINISHED SCENARIO: "Delete an existing item by Id of the Inbox"
05/08/2017 18:03:50: START SCENARIO: "Delete an existing item by Id of a Project"
05/08/2017 18:03:50: Open connection...
05/08/2017 18:03:50: Connection authenticated...
05/08/2017 18:03:52: FINISHED SCENARIO: "Delete an existing item by Id of a Project"
05/08/2017 18:03:52: START SCENARIO: "Delete an unexisting item by Id"
05/08/2017 18:03:52: Open connection...
05/08/2017 18:03:52: Connection authenticated...
05/08/2017 18:03:52: FINISHED SCENARIO: "Delete an unexisting item by Id"
05/08/2017 18:03:52: START SCENARIO: "Get Item by Id for existing Item"
05/08/2017 18:03:52: Open connection...
05/08/2017 18:03:52: Connection authenticated...
05/08/2017 18:03:53: FINISHED SCENARIO: "Get Item by Id for existing Item"
05/08/2017 18:03:53: START SCENARIO: "Get Item by Id for existing Item of a Project"
05/08/2017 18:03:53: Open connection...
05/08/2017 18:03:53: Connection authenticated...
05/08/2017 18:03:54: FINISHED SCENARIO: "Get Item by Id for existing Item of a Project"
05/08/2017 18:03:54: START SCENARIO: "Get Item by Id for unexisting Item"
05/08/2017 18:03:54: Open connection...
05/08/2017 18:03:54: Connection authenticated...
05/08/2017 18:03:54: FINISHED SCENARIO: "Get Item by Id for unexisting Item"
05/08/2017 18:03:54: START SCENARIO: "Create Items with the same Content in the inbox"
05/08/2017 18:03:54: Open connection...
05/08/2017 18:03:54: Connection authenticated...
05/08/2017 18:03:55: FINISHED SCENARIO: "Create Items with the same Content in the inbox"
05/08/2017 18:03:57: Teardown: @teardownDeleteItems...
05/08/2017 18:03:57: START SCENARIO: "Create a new item in the inbox"
05/08/2017 18:03:57: Open connection...
05/08/2017 18:03:57: Connection authenticated...
05/08/2017 18:03:58: FINISHED SCENARIO: "Create a new item in the inbox"
05/08/2017 18:03:58: Teardown: @teardownDeleteItems...
05/08/2017 18:03:58: START SCENARIO: "Update an Item by Id"
05/08/2017 18:03:58: Open connection...
05/08/2017 18:03:58: Connection authenticated...
05/08/2017 18:03:59: FINISHED SCENARIO: "Update an Item by Id"
05/08/2017 18:04:00: Teardown: @teardownDeleteItems...
05/08/2017 18:04:00: START SCENARIO: "Delete a project"
05/08/2017 18:04:00: Open connection...
05/08/2017 18:04:00: Connection authenticated...
05/08/2017 18:04:01: FINISHED SCENARIO: "Delete a project"
05/08/2017 18:04:01: START SCENARIO: "Make sure that projects endpoint is alive"
05/08/2017 18:04:01: Open connection...
05/08/2017 18:04:01: Sent GET request to /projects.json...
05/08/2017 18:04:01: FINISHED SCENARIO: "Make sure that projects endpoint is alive"
05/08/2017 18:04:01: START SCENARIO: "Get List of projects in response body with status 200"
05/08/2017 18:04:01: Open connection...
05/08/2017 18:04:01: Connection authenticated...
05/08/2017 18:04:02: Sent GET request to /projects.json...
05/08/2017 18:04:02: FINISHED SCENARIO: "Get List of projects in response body with status 200"
05/08/2017 18:04:02: START SCENARIO: "Get a project in response body with status 200"
05/08/2017 18:04:02: Open connection...
05/08/2017 18:04:02: Connection authenticated...
05/08/2017 18:04:02: FINISHED SCENARIO: "Get a project in response body with status 200"
05/08/2017 18:04:02: START SCENARIO: "Get a list of items that belongs to a project"
05/08/2017 18:04:02: Open connection...
05/08/2017 18:04:03: Connection authenticated...
05/08/2017 18:04:04: FINISHED SCENARIO: "Get a list of items that belongs to a project"
05/08/2017 18:04:04: START SCENARIO: "Create a project"
05/08/2017 18:04:04: Open connection...
05/08/2017 18:04:04: Connection authenticated...
05/08/2017 18:04:05: FINISHED SCENARIO: "Create a project"
05/08/2017 18:04:05: START SCENARIO: "Create a project with invalid body"
05/08/2017 18:04:05: Open connection...
05/08/2017 18:04:05: Connection authenticated...
05/08/2017 18:04:05: FINISHED SCENARIO: "Create a project with invalid body"
05/08/2017 18:04:05: START SCENARIO: "Update a project"
05/08/2017 18:04:05: Open connection...
05/08/2017 18:04:05: Connection authenticated...
05/08/2017 18:04:06: FINISHED SCENARIO: "Update a project"
05/08/2017 18:04:06: START SCENARIO: "Update a project without basic authentication"
05/08/2017 18:04:06: Open connection...
05/08/2017 18:04:06: Connection authenticated...
05/08/2017 18:04:07: Run time error displayed...
05/08/2017 18:04:07: FINISHED SCENARIO: "Update a project without basic authentication"
05/08/2017 18:04:07: START SCENARIO: "Delete an existing user"
05/08/2017 18:04:07: Open connection...
05/08/2017 18:04:08: FINISHED SCENARIO: "Delete an existing user"
05/08/2017 18:04:08: START SCENARIO: "Get a 200 response when get information for a authenticated user on the sytem"
05/08/2017 18:04:08: Open connection...
05/08/2017 18:04:08: Connection authenticated...
05/08/2017 18:04:08: Sent GET request to /user.json...
05/08/2017 18:04:08: FINISHED SCENARIO: "Get a 200 response when get information for a authenticated user on the sytem"
05/08/2017 18:04:08: START SCENARIO: "Get information for a authenticated user on the sytem"
05/08/2017 18:04:08: Open connection...
05/08/2017 18:04:08: Connection authenticated...
05/08/2017 18:04:08: FINISHED SCENARIO: "Get information for a authenticated user on the sytem"
05/08/2017 18:04:08: START SCENARIO: "Get an error when get information for a not authenticated user on the sytem"
05/08/2017 18:04:08: Open connection...
05/08/2017 18:04:09: Sent GET request to /user.json...
05/08/2017 18:04:09: FINISHED SCENARIO: "Get an error when get information for a not authenticated user on the sytem"
05/08/2017 18:04:09: START SCENARIO: "Create user wit valid information"
05/08/2017 18:04:09: Open connection...
05/08/2017 18:04:09: FINISHED SCENARIO: "Create user wit valid information"
05/08/2017 18:04:10: Teardown: @teardownDeleteUser...
05/08/2017 18:04:10: START SCENARIO: "Create user wit invalid information"
05/08/2017 18:04:10: Open connection...
05/08/2017 18:04:10: FINISHED SCENARIO: "Create user wit invalid information"
05/08/2017 18:04:10: START SCENARIO: "Update user information of an existing user"
05/08/2017 18:04:10: Open connection...
05/08/2017 18:04:11: FINISHED SCENARIO: "Update user information of an existing user"
05/08/2017 18:04:11: Teardown: @teardownDeleteUser...